<?xml version="1.0" encoding="UTF-8"?>
<testsuite name="Job Search Test"
           tests="7"
           failures="0"
           errors="0"
           skipped="0"
           time="200.793">
  <properties />
  
  
            <testcase name="verifyJobSearchResultUsingDifferentDataSet" time="27.093" classname="uk.co.library.testsuite.JobSearchTest" />
                <testcase name="verifyJobSearchResultUsingDifferentDataSet" time="26.560" classname="uk.co.library.testsuite.JobSearchTest" />
                <testcase name="verifyJobSearchResultUsingDifferentDataSet" time="27.164" classname="uk.co.library.testsuite.JobSearchTest" />
                <testcase name="verifyJobSearchResultUsingDifferentDataSet" time="27.895" classname="uk.co.library.testsuite.JobSearchTest" />
                <testcase name="verifyJobSearchResultUsingDifferentDataSet" time="39.005" classname="uk.co.library.testsuite.JobSearchTest" />
                <testcase name="verifyJobSearchResultUsingDifferentDataSet" time="26.786" classname="uk.co.library.testsuite.JobSearchTest" />
                <testcase name="verifyJobSearchResultUsingDifferentDataSet" time="26.290" classname="uk.co.library.testsuite.JobSearchTest" />
      
</testsuite>
